#
# A fatal error has been detected by the Java Runtime Environment:
#
#  EXCEPTION_ACCESS_VIOLATION (0xc0000005) at pc=0x00007ffc8abbdeb1, pid=10044, tid=8144
#
# JRE version: OpenJDK Runtime Environment (17.0.7) (build 17.0.7+0-b2043.56-10550314)
# Java VM: OpenJDK 64-Bit Server VM (17.0.7+0-b2043.56-10550314, mixed mode, tiered, compressed oops, compressed class ptrs, g1 gc, windows-amd64)
# Problematic frame:
# V  [jvm.dll+0x1edeb1]
#
# No core dump will be written. Minidumps are not enabled by default on client versions of Windows
#
# If you would like to submit a bug report, please visit:
#   https://bugreport.java.com/bugreport/crash.jsp
#

---------------  S U M M A R Y ------------

Command Line: org.jetbrains.kotlin.cli.jvm.K2JVMCompiler @C:\dev\Geofencing\app\build\20240209_3540404863080766860.compiler.options

Host: Intel(R) Core(TM) i3-1005G1 CPU @ 1.20GHz, 4 cores, 7G,  Windows 10 , 64 bit Build 19041 (10.0.19041.3636)
Time: Fri Feb  9 19:56:56 2024 India Standard Time elapsed time: 0.406450 seconds (0d 0h 0m 0s)

---------------  T H R E A D  ---------------

Current thread (0x0000016da7937f90):  JavaThread "main" [_thread_in_vm, id=8144, stack(0x0000005aa3f00000,0x0000005aa4000000)]

Stack: [0x0000005aa3f00000,0x0000005aa4000000],  sp=0x0000005aa3ffc250,  free space=1008k
Native frames: (J=compiled Java code, j=interpreted, Vv=VM code, C=native code)
V  [jvm.dll+0x1edeb1]
V  [jvm.dll+0x1eefb5]
V  [jvm.dll+0x1ef8d4]
V  [jvm.dll+0x1e4e1c]
V  [jvm.dll+0x54a1dd]
V  [jvm.dll+0x1f573b]
V  [jvm.dll+0x7bcb6b]
V  [jvm.dll+0x7bdfb2]
V  [jvm.dll+0x7be2e8]
V  [jvm.dll+0x2429be]
V  [jvm.dll+0x3860ce]
C  0x0000016db3b3b5a5

Java frames: (J=compiled Java code, j=interpreted, Vv=VM code)
j  java.lang.invoke.DirectMethodHandle.makeAllocator(Ljava/lang/invoke/MemberName;)Ljava/lang/invoke/DirectMethodHandle;+122 java.base@17.0.7
j  java.lang.invoke.DirectMethodHandle.make(Ljava/lang/invoke/MemberName;)Ljava/lang/invoke/DirectMethodHandle;+8 java.base@17.0.7
j  java.lang.invoke.MethodHandles$Lookup.getDirectConstructorCommon(Ljava/lang/Class;Ljava/lang/invoke/MemberName;Z)Ljava/lang/invoke/MethodHandle;+61 java.base@17.0.7
j  java.lang.invoke.MethodHandles$Lookup.getDirectConstructor(Ljava/lang/Class;Ljava/lang/invoke/MemberName;)Ljava/lang/invoke/MethodHandle;+6 java.base@17.0.7
j  java.lang.invoke.MethodHandles$Lookup.findConstructor(Ljava/lang/Class;Ljava/lang/invoke/MethodType;)Ljava/lang/invoke/MethodHandle;+57 java.base@17.0.7
j  java.lang.invoke.InnerClassLambdaMetafactory.buildCallSite()Ljava/lang/invoke/CallSite;+168 java.base@17.0.7
j  java.lang.invoke.LambdaMetafactory.metafactory(Ljava/lang/invoke/MethodHandles$Lookup;Ljava/lang/String;Ljava/lang/invoke/MethodType;Ljava/lang/invoke/MethodType;Ljava/lang/invoke/MethodHandle;Ljava/lang/invoke/MethodType;)Ljava/lang/invoke/CallSite;+67 java.base@17.0.7
j  java.lang.invoke.DirectMethodHandle$Holder.invokeStatic(Ljava/lang/Object;Ljava/lang/Object;Ljava/lang/Object;Ljava/lang/Object;Ljava/lang/Object;Ljava/lang/Object;Ljava/lang/Object;)Ljava/lang/Object;+20 java.base@17.0.7
j  java.lang.invoke.Invokers$Holder.invokeExact_MT(Ljava/lang/Object;Ljava/lang/Object;Ljava/lang/Object;Ljava/lang/Object;Ljava/lang/Object;Ljava/lang/Object;Ljava/lang/Object;Ljava/lang/Object;)Ljava/lang/Object;+28 java.base@17.0.7
j  java.lang.invoke.BootstrapMethodInvoker.invoke(Ljava/lang/Class;Ljava/lang/invoke/MethodHandle;Ljava/lang/String;Ljava/lang/Object;Ljava/lang/Object;Ljava/lang/Class;)Ljava/lang/Object;+319 java.base@17.0.7
j  java.lang.invoke.CallSite.makeSite(Ljava/lang/invoke/MethodHandle;Ljava/lang/String;Ljava/lang/invoke/MethodType;Ljava/lang/Object;Ljava/lang/Class;)Ljava/lang/invoke/CallSite;+8 java.base@17.0.7
j  java.lang.invoke.MethodHandleNatives.linkCallSiteImpl(Ljava/lang/Class;Ljava/lang/invoke/MethodHandle;Ljava/lang/String;Ljava/lang/invoke/MethodType;Ljava/lang/Object;[Ljava/lang/Object;)Ljava/lang/invoke/MemberName;+6 java.base@17.0.7
j  java.lang.invoke.MethodHandleNatives.linkCallSite(Ljava/lang/Object;ILjava/lang/Object;Ljava/lang/Object;Ljava/lang/Object;Ljava/lang/Object;[Ljava/lang/Object;)Ljava/lang/invoke/MemberName;+46 java.base@17.0.7
v  ~StubRoutines::call_stub
j  java.util.regex.Pattern.Single(I)Ljava/util/regex/Pattern$BmpCharPredicate;+1 java.base@17.0.7
j  java.util.regex.Pattern.single(I)Ljava/util/regex/Pattern$CharPredicate;+78 java.base@17.0.7
j  java.util.regex.Pattern.atom()Ljava/util/regex/Pattern$Node;+404 java.base@17.0.7
j  java.util.regex.Pattern.sequence(Ljava/util/regex/Pattern$Node;)Ljava/util/regex/Pattern$Node;+592 java.base@17.0.7
j  java.util.regex.Pattern.expr(Ljava/util/regex/Pattern$Node;)Ljava/util/regex/Pattern$Node;+12 java.base@17.0.7
j  java.util.regex.Pattern.compile()V+222 java.base@17.0.7
j  java.util.regex.Pattern.<init>(Ljava/lang/String;I)V+108 java.base@17.0.7
j  java.util.regex.Pattern.compile(Ljava/lang/String;)Ljava/util/regex/Pattern;+6 java.base@17.0.7
j  kotlin.text.Regex.<init>(Ljava/lang/String;)V+8
j  kotlin.reflect.jvm.internal.KDeclarationContainerImpl.<clinit>()V+25
v  ~StubRoutines::call_stub
j  kotlin.reflect.jvm.internal.KClassCacheKt.getOrCreateKotlinClass(Ljava/lang/Class;)Lkotlin/reflect/jvm/internal/KClassImpl;+210
j  kotlin.reflect.jvm.internal.ReflectionFactoryImpl.getOrCreateKotlinClass(Ljava/lang/Class;)Lkotlin/reflect/KClass;+1
j  kotlin.jvm.internal.Reflection.getOrCreateKotlinClass(Ljava/lang/Class;)Lkotlin/reflect/KClass;+4
j  org.jetbrains.kotlin.cli.common.arguments.ParseCommandLineArgumentsKt.parsePreprocessedCommandLineArguments(Ljava/util/List;Lorg/jetbrains/kotlin/cli/common/arguments/CommonToolArguments;Lkotlin/Lazy;Z)V+4
j  org.jetbrains.kotlin.cli.common.arguments.ParseCommandLineArgumentsKt.parseCommandLineArguments(Ljava/util/List;Lorg/jetbrains/kotlin/cli/common/arguments/CommonToolArguments;Z)V+39
j  org.jetbrains.kotlin.cli.common.arguments.ParseCommandLineArgumentsKt.parseCommandLineArguments$default(Ljava/util/List;Lorg/jetbrains/kotlin/cli/common/arguments/CommonToolArguments;ZILjava/lang/Object;)V+11
j  org.jetbrains.kotlin.cli.common.CLITool.exec(Ljava/io/PrintStream;Lorg/jetbrains/kotlin/config/Services;Lorg/jetbrains/kotlin/cli/common/messages/MessageRenderer;[Ljava/lang/String;)Lorg/jetbrains/kotlin/cli/common/ExitCode;+41
j  org.jetbrains.kotlin.cli.common.CLITool.exec(Ljava/io/PrintStream;Lorg/jetbrains/kotlin/cli/common/messages/MessageRenderer;[Ljava/lang/String;)Lorg/jetbrains/kotlin/cli/common/ExitCode;+25
j  org.jetbrains.kotlin.cli.common.CLITool$Companion.doMainNoExit(Lorg/jetbrains/kotlin/cli/common/CLITool;[Ljava/lang/String;Lorg/jetbrains/kotlin/cli/common/messages/MessageRenderer;)Lorg/jetbrains/kotlin/cli/common/ExitCode;+39
j  org.jetbrains.kotlin.cli.common.CLITool$Companion.doMainNoExit$default(Lorg/jetbrains/kotlin/cli/common/CLITool$Companion;Lorg/jetbrains/kotlin/cli/common/CLITool;[Ljava/lang/String;Lorg/jetbrains/kotlin/cli/common/messages/MessageRenderer;ILjava/lang/Object;)Lorg/jetbrains/kotlin/cli/common/ExitCode;+16
j  org.jetbrains.kotlin.cli.common.CLITool$Companion.doMain(Lorg/jetbrains/kotlin/cli/common/CLITool;[Ljava/lang/String;)V+57
j  org.jetbrains.kotlin.cli.jvm.K2JVMCompiler$Companion.main([Ljava/lang/String;)V+20
j  org.jetbrains.kotlin.cli.jvm.K2JVMCompiler.main([Ljava/lang/String;)V+4
v  ~StubRoutines::call_stub

siginfo: EXCEPTION_ACCESS_VIOLATION (0xc0000005), reading address 0x0000016dc379a918


Register to memory mapping:

RIP=0x00007ffc8abbdeb1 jvm.dll
RAX=0x0000000000006e2c is an unknown value
RBX=0x0000016da7937f90 is a thread
RCX=0x0 is NULL
RDX=0x0 is NULL
RSP=0x0000005aa3ffc250 is pointing into the stack for thread: 0x0000016da7937f90
RBP=0x0000005aa3ffc350 is pointing into the stack for thread: 0x0000016da7937f90
RSI=0x00000000616e672f is an unknown value
RDI=0x0000000000006e2c is an unknown value
R8 =0x0000000000006e2c is an unknown value
R9 =0x0000000000000007 is an unknown value
R10=0x0000016dc3763770 is pointing into metadata
R11=0x0000000000000002 is an unknown value
R12=0x0 is NULL
R13=0x0000005aa3ffc760 is pointing into the stack for thread: 0x0000016da7937f90
R14=0x0000016dc701a930 points into unknown readable memory: 0x00007ffc8b312038 | 38 20 31 8b fc 7f 00 00
R15=0x000000000000001c is an unknown value


Registers:
RAX=0x0000000000006e2c, RBX=0x0000016da7937f90, RCX=0x0000000000000000, RDX=0x0000000000000000
RSP=0x0000005aa3ffc250, RBP=0x0000005aa3ffc350, RSI=0x00000000616e672f, RDI=0x0000000000006e2c
R8 =0x0000000000006e2c, R9 =0x0000000000000007, R10=0x0000016dc3763770, R11=0x0000000000000002
R12=0x0000000000000000, R13=0x0000005aa3ffc760, R14=0x0000016dc701a930, R15=0x000000000000001c
RIP=0x00007ffc8abbdeb1, EFLAGS=0x0000000000010246

Top of Stack: (sp=0x0000005aa3ffc250)
0x0000005aa3ffc250:   0000016da7937f90 000000000000002c
0x0000005aa3ffc260:   0000016d0000002c 0000005aa3ff0007
0x0000005aa3ffc270:   0000016d0000000c 0000016dc701b3a0
0x0000005aa3ffc280:   0000016dc3763701 0000016da7937f90
0x0000005aa3ffc290:   0000016da7937f90 00007ffc8abbbdd5
0x0000005aa3ffc2a0:   0001000000000001 0000000100000007
0x0000005aa3ffc2b0:   000000000000002c 0028000501000000
0x0000005aa3ffc2c0:   00000007a7930005 0000000000000002
0x0000005aa3ffc2d0:   00000000ffffffff 00000000000000d6
0x0000005aa3ffc2e0:   0000000000000000 0000000000000000
0x0000005aa3ffc2f0:   0000000000000000 0000016dc701b5a0
0x0000005aa3ffc300:   0000016dc701b3a0 0000016dc701aba0
0x0000005aa3ffc310:   0000016dc701a9a0 00000100ffffffff
0x0000005aa3ffc320:   0000016d0000001c 0000000000000000
0x0000005aa3ffc330:   0000000000000000 00000000616e672f
0x0000005aa3ffc340:   0000000000000000 0000000000000000 

Instructions: (pc=0x00007ffc8abbdeb1)
0x00007ffc8abbddb1:   48 89 4d 8c 48 89 4d f0 89 4d 98 48 89 4d 50 89
0x00007ffc8abbddc1:   4d 94 48 89 4d 00 89 4d a4 48 89 4d 58 89 4d a0
0x00007ffc8abbddd1:   88 4c 24 53 88 4c 24 55 88 4c 24 54 48 89 4d f8
0x00007ffc8abbdde1:   89 4d 9c 0f b7 08 48 83 c0 02 66 c1 c9 08 88 95
0x00007ffc8abbddf1:   28 01 00 00 48 c7 45 10 01 00 00 00 49 89 46 18
0x00007ffc8abbde01:   66 85 c9 0f 84 ab 0b 00 00 b8 ff ff 00 00 66 03
0x00007ffc8abbde11:   c8 49 8b 46 10 49 2b 46 18 66 89 4d 84 48 83 f8
0x00007ffc8abbde21:   06 73 0b 48 8b d3 49 8b ce e8 21 39 00 00 48 83
0x00007ffc8abbde31:   7b 08 00 0f 85 0b fe ff ff 49 8b 46 18 0f b7 38
0x00007ffc8abbde41:   48 83 c0 02 49 89 46 18 66 c1 cf 08 44 0f b7 c7
0x00007ffc8abbde51:   8b 30 48 83 c0 04 49 89 46 18 49 8b 45 28 0f ce
0x00007ffc8abbde61:   89 75 e8 44 3b 40 3c 7d 0e 48 8b 40 08 42 0f b6
0x00007ffc8abbde71:   44 00 04 3c 01 74 02 32 c0 41 80 bd 98 01 00 00
0x00007ffc8abbde81:   00 74 16 84 c0 75 12 4c 8b cb 48 8d 15 0e 50 75
0x00007ffc8abbde91:   00 49 8b cd e8 36 69 ff ff 48 8b 53 08 48 85 d2
0x00007ffc8abbdea1:   0f 85 9e fd ff ff 4c 8b 95 38 01 00 00 0f b7 c7
0x00007ffc8abbdeb1:   49 8b 4c c2 48 48 3b 0d b3 34 9c 00 0f 85 17 06
0x00007ffc8abbdec1:   00 00 33 c9 41 38 8d 98 01 00 00 74 39 8b 44 24
0x00007ffc8abbded1:   78 8b c8 c1 e9 08 f6 c1 01 75 0c c1 e8 0a a8 01
0x00007ffc8abbdee1:   75 05 48 8b ca eb 1f 4c 8b c3 48 8d 15 e6 4f 75
0x00007ffc8abbdef1:   00 49 8b cd e8 96 69 ff ff 48 8b 4b 08 48 85 c9
0x00007ffc8abbdf01:   0f 85 3e fd ff ff 80 bd 28 01 00 00 00 0f 85 9c
0x00007ffc8abbdf11:   09 00 00 49 8b 46 10 49 2b 46 18 c6 85 28 01 00
0x00007ffc8abbdf21:   00 01 48 83 f8 08 73 0f 48 8b d3 49 8b ce e8 1c
0x00007ffc8abbdf31:   38 00 00 48 8b 4b 08 48 85 c9 0f 85 04 fd ff ff
0x00007ffc8abbdf41:   49 8b 46 18 0f b7 08 48 83 c0 02 49 89 46 18 66
0x00007ffc8abbdf51:   c1 c9 08 66 89 4c 24 70 0f b7 08 48 83 c0 02 49
0x00007ffc8abbdf61:   89 46 18 66 c1 c9 08 66 89 4c 24 58 8b 38 48 83
0x00007ffc8abbdf71:   c0 04 49 89 46 18 41 80 bd 98 01 00 00 00 0f cf
0x00007ffc8abbdf81:   89 7c 24 60 74 4f 0f b7 c1 39 45 c8 7e 12 4c 8b
0x00007ffc8abbdf91:   c3 48 8d 15 af 4f 75 00 49 8b cd e8 ef 68 ff ff
0x00007ffc8abbdfa1:   48 83 7b 08 00 0f 85 99 fc ff ff 8d 47 ff 3d fe 


Stack slot to memory mapping:
stack at sp + 0 slots: 0x0000016da7937f90 is a thread
stack at sp + 1 slots: 0x000000000000002c is an unknown value
stack at sp + 2 slots: 0x0000016d0000002c is an unknown value
stack at sp + 3 slots: 0x0000005aa3ff0007 is pointing into the stack for thread: 0x0000016da7937f90
stack at sp + 4 slots: 0x0000016d0000000c is an unknown value
stack at sp + 5 slots: 0x0000016dc701b3a0 points into unknown readable memory: 0x0000000000000001 | 01 00 00 00 00 00 00 00
stack at sp + 6 slots: 0x0000016dc3763701 is pointing into metadata
stack at sp + 7 slots: 0x0000016da7937f90 is a thread


---------------  P R O C E S S  ---------------

Threads class SMR info:
_java_thread_list=0x0000016dc7161170, length=12, elements={
0x0000016da7937f90, 0x0000016dc2c9a7e0, 0x0000016dc2c9bc70, 0x0000016dc2cdfb00,
0x0000016dc2ce06b0, 0x0000016dc2ce1060, 0x0000016dc70267b0, 0x0000016dc70273a0,
0x0000016dc7028d40, 0x0000016dc7041520, 0x0000016dc7192c70, 0x0000016dc71a8060
}

Java Threads: ( => current thread )
=>0x0000016da7937f90 JavaThread "main" [_thread_in_vm, id=8144, stack(0x0000005aa3f00000,0x0000005aa4000000)]
  0x0000016dc2c9a7e0 JavaThread "Reference Handler" daemon [_thread_blocked, id=5744, stack(0x0000005aa4600000,0x0000005aa4700000)]
  0x0000016dc2c9bc70 JavaThread "Finalizer" daemon [_thread_blocked, id=8384, stack(0x0000005aa4700000,0x0000005aa4800000)]
  0x0000016dc2cdfb00 JavaThread "Signal Dispatcher" daemon [_thread_blocked, id=3976, stack(0x0000005aa4800000,0x0000005aa4900000)]
  0x0000016dc2ce06b0 JavaThread "Attach Listener" daemon [_thread_blocked, id=6376, stack(0x0000005aa4900000,0x0000005aa4a00000)]
  0x0000016dc2ce1060 JavaThread "Service Thread" daemon [_thread_blocked, id=324, stack(0x0000005aa4a00000,0x0000005aa4b00000)]
  0x0000016dc70267b0 JavaThread "Monitor Deflation Thread" daemon [_thread_blocked, id=9500, stack(0x0000005aa4b00000,0x0000005aa4c00000)]
  0x0000016dc70273a0 JavaThread "C2 CompilerThread0" daemon [_thread_blocked, id=6472, stack(0x0000005aa4c00000,0x0000005aa4d00000)]
  0x0000016dc7028d40 JavaThread "C1 CompilerThread0" daemon [_thread_blocked, id=7760, stack(0x0000005aa4d00000,0x0000005aa4e00000)]
  0x0000016dc7041520 JavaThread "Sweeper thread" daemon [_thread_blocked, id=2616, stack(0x0000005aa4e00000,0x0000005aa4f00000)]
  0x0000016dc7192c70 JavaThread "Notification Thread" daemon [_thread_blocked, id=2944, stack(0x0000005aa4f00000,0x0000005aa5000000)]
  0x0000016dc71a8060 JavaThread "Common-Cleaner" daemon [_thread_blocked, id=1804, stack(0x0000005aa5100000,0x0000005aa5200000)]

Other Threads:
  0x0000016dc2c97d20 VMThread "VM Thread" [stack: 0x0000005aa4500000,0x0000005aa4600000] [id=2728]
  0x0000016dc7197560 WatcherThread [stack: 0x0000005aa5000000,0x0000005aa5100000] [id=7696]
  0x0000016da7995a00 GCTaskThread "GC Thread#0" [stack: 0x0000005aa4000000,0x0000005aa4100000] [id=5464]
  0x0000016da79a6a20 ConcurrentGCThread "G1 Main Marker" [stack: 0x0000005aa4100000,0x0000005aa4200000] [id=7452]
  0x0000016da79a7430 ConcurrentGCThread "G1 Conc#0" [stack: 0x0000005aa4200000,0x0000005aa4300000] [id=808]
  0x0000016dc2b00090 ConcurrentGCThread "G1 Refine#0" [stack: 0x0000005aa4300000,0x0000005aa4400000] [id=10228]
  0x0000016dc2b00ab0 ConcurrentGCThread "G1 Service" [stack: 0x0000005aa4400000,0x0000005aa4500000] [id=4224]

Threads with active compile tasks:

VM state: not at safepoint (normal execution)

VM Mutex/Monitor currently owned by a thread: None

Heap address: 0x0000000083600000, size: 1994 MB, Compressed Oops mode: 32-bit

CDS archive(s) not mapped
Compressed class space mapped at: 0x0000000100000000-0x0000000140000000, reserved size: 1073741824
Narrow klass base: 0x0000000000000000, Narrow klass shift: 3, Narrow klass range: 0x140000000

GC Precious Log:
 CPUs: 4 total, 4 available
 Memory: 7973M
 Large Page Support: Disabled
 NUMA Support: Disabled
 Compressed Oops: Enabled (32-bit)
 Heap Region Size: 1M
 Heap Min Capacity: 8M
 Heap Initial Capacity: 126M
 Heap Max Capacity: 1994M
 Pre-touch: Disabled
 Parallel Workers: 4
 Concurrent Workers: 1
 Concurrent Refinement Workers: 4
 Periodic GC: Disabled

Heap:
 garbage-first heap   total 129024K, used 12288K [0x0000000083600000, 0x0000000100000000)
  region size 1024K, 8 young (8192K), 0 survivors (0K)
 Metaspace       used 8581K, committed 8768K, reserved 1114112K
  class space    used 665K, committed 768K, reserved 1048576K

Heap Regions: E=young(eden), S=young(survivor), O=old, HS=humongous(starts), HC=humongous(continues), CS=collection set, F=free, OA=open archive, CA=closed archive, TAMS=top-at-mark-start (previous, next)
|   0|0x0000000083600000, 0x0000000083700000, 0x0000000083700000|100%|HS|  |TAMS 0x0000000083600000, 0x0000000083600000| Complete 
|   1|0x0000000083700000, 0x0000000083800000, 0x0000000083800000|100%|HC|  |TAMS 0x0000000083700000, 0x0000000083700000| Complete 
|   2|0x0000000083800000, 0x0000000083900000, 0x0000000083900000|100%|HC|  |TAMS 0x0000000083800000, 0x0000000083800000| Complete 
|   3|0x0000000083900000, 0x0000000083a00000, 0x0000000083a00000|100%|HC|  |TAMS 0x0000000083900000, 0x0000000083900000| Complete 
|   4|0x0000000083a00000, 0x0000000083b00000, 0x0000000083b00000|100%|HS|  |TAMS 0x0000000083a00000, 0x0000000083a00000| Complete 
|   5|0x0000000083b00000, 0x0000000083b00000, 0x0000000083c00000|  0%| F|  |TAMS 0x0000000083b00000, 0x0000000083b00000| Untracked 
|   6|0x0000000083c00000, 0x0000000083c00000, 0x0000000083d00000|  0%| F|  |TAMS 0x0000000083c00000, 0x0000000083c00000| Untracked 
|   7|0x0000000083d00000, 0x0000000083d00000, 0x0000000083e00000|  0%| F|  |TAMS 0x0000000083d00000, 0x0000000083d00000| Untracked 
|   8|0x0000000083e00000, 0x0000000083e00000, 0x0000000083f00000|  0%| F|  |TAMS 0x0000000083e00000, 0x0000000083e00000| Untracked 
|   9|0x0000000083f00000, 0x0000000083f00000, 0x0000000084000000|  0%| F|  |TAMS 0x0000000083f00000, 0x0000000083f00000| Untracked 
|  10|0x0000000084000000, 0x0000000084000000, 0x0000000084100000|  0%| F|  |TAMS 0x0000000084000000, 0x0000000084000000| Untracked 
|  11|0x0000000084100000, 0x0000000084100000, 0x0000000084200000|  0%| F|  |TAMS 0x0000000084100000, 0x0000000084100000| Untracked 
|  12|0x0000000084200000, 0x0000000084200000, 0x0000000084300000|  0%| F|  |TAMS 0x0000000084200000, 0x0000000084200000| Untracked 
|  13|0x0000000084300000, 0x0000000084300000, 0x0000000084400000|  0%| F|  |TAMS 0x0000000084300000, 0x0000000084300000| Untracked 
|  14|0x0000000084400000, 0x0000000084400000, 0x0000000084500000|  0%| F|  |TAMS 0x0000000084400000, 0x0000000084400000| Untracked 
|  15|0x0000000084500000, 0x0000000084500000, 0x0000000084600000|  0%| F|  |TAMS 0x0000000084500000, 0x0000000084500000| Untracked 
|  16|0x0000000084600000, 0x0000000084600000, 0x0000000084700000|  0%| F|  |TAMS 0x0000000084600000, 0x0000000084600000| Untracked 
|  17|0x0000000084700000, 0x0000000084700000, 0x0000000084800000|  0%| F|  |TAMS 0x0000000084700000, 0x0000000084700000| Untracked 
|  18|0x0000000084800000, 0x0000000084800000, 0x0000000084900000|  0%| F|  |TAMS 0x0000000084800000, 0x0000000084800000| Untracked 
|  19|0x0000000084900000, 0x0000000084900000, 0x0000000084a00000|  0%| F|  |TAMS 0x0000000084900000, 0x0000000084900000| Untracked 
|  20|0x0000000084a00000, 0x0000000084a00000, 0x0000000084b00000|  0%| F|  |TAMS 0x0000000084a00000, 0x0000000084a00000| Untracked 
|  21|0x0000000084b00000, 0x0000000084b00000, 0x0000000084c00000|  0%| F|  |TAMS 0x0000000084b00000, 0x0000000084b00000| Untracked 
|  22|0x0000000084c00000, 0x0000000084c00000, 0x0000000084d00000|  0%| F|  |TAMS 0x0000000084c00000, 0x0000000084c00000| Untracked 
|  23|0x0000000084d00000, 0x0000000084d00000, 0x0000000084e00000|  0%| F|  |TAMS 0x0000000084d00000, 0x0000000084d00000| Untracked 
|  24|0x0000000084e00000, 0x0000000084e00000, 0x0000000084f00000|  0%| F|  |TAMS 0x0000000084e00000, 0x0000000084e00000| Untracked 
|  25|0x0000000084f00000, 0x0000000084f00000, 0x0000000085000000|  0%| F|  |TAMS 0x0000000084f00000, 0x0000000084f00000| Untracked 
|  26|0x0000000085000000, 0x0000000085000000, 0x0000000085100000|  0%| F|  |TAMS 0x0000000085000000, 0x0000000085000000| Untracked 
|  27|0x0000000085100000, 0x0000000085100000, 0x0000000085200000|  0%| F|  |TAMS 0x0000000085100000, 0x0000000085100000| Untracked 
|  28|0x0000000085200000, 0x0000000085200000, 0x0000000085300000|  0%| F|  |TAMS 0x0000000085200000, 0x0000000085200000| Untracked 
|  29|0x0000000085300000, 0x0000000085300000, 0x0000000085400000|  0%| F|  |TAMS 0x0000000085300000, 0x0000000085300000| Untracked 
|  30|0x0000000085400000, 0x0000000085400000, 0x0000000085500000|  0%| F|  |TAMS 0x0000000085400000, 0x0000000085400000| Untracked 
|  31|0x0000000085500000, 0x0000000085500000, 0x0000000085600000|  0%| F|  |TAMS 0x0000000085500000, 0x0000000085500000| Untracked 
|  32|0x0000000085600000, 0x0000000085600000, 0x0000000085700000|  0%| F|  |TAMS 0x0000000085600000, 0x0000000085600000| Untracked 
|  33|0x0000000085700000, 0x0000000085700000, 0x0000000085800000|  0%| F|  |TAMS 0x0000000085700000, 0x0000000085700000| Untracked 
|  34|0x0000000085800000, 0x0000000085800000, 0x0000000085900000|  0%| F|  |TAMS 0x0000000085800000, 0x0000000085800000| Untracked 
|  35|0x0000000085900000, 0x0000000085900000, 0x0000000085a00000|  0%| F|  |TAMS 0x0000000085900000, 0x0000000085900000| Untracked 
|  36|0x0000000085a00000, 0x0000000085a00000, 0x0000000085b00000|  0%| F|  |TAMS 0x0000000085a00000, 0x0000000085a00000| Untracked 
|  37|0x0000000085b00000, 0x0000000085b00000, 0x0000000085c00000|  0%| F|  |TAMS 0x0000000085b00000, 0x0000000085b00000| Untracked 
|  38|0x0000000085c00000, 0x0000000085c00000, 0x0000000085d00000|  0%| F|  |TAMS 0x0000000085c00000, 0x0000000085c00000| Untracked 
|  39|0x0000000085d00000, 0x0000000085d00000, 0x0000000085e00000|  0%| F|  |TAMS 0x0000000085d00000, 0x0000000085d00000| Untracked 
|  40|0x0000000085e00000, 0x0000000085e00000, 0x0000000085f00000|  0%| F|  |TAMS 0x0000000085e00000, 0x0000000085e00000| Untracked 
|  41|0x0000000085f00000, 0x0000000085f00000, 0x0000000086000000|  0%| F|  |TAMS 0x0000000085f00000, 0x0000000085f00000| Untracked 
|  42|0x0000000086000000, 0x0000000086000000, 0x0000000086100000|  0%| F|  |TAMS 0x0000000086000000, 0x0000000086000000| Untracked 
|  43|0x0000000086100000, 0x0000000086100000, 0x0000000086200000|  0%| F|  |TAMS 0x0000000086100000, 0x0000000086100000| Untracked 
|  44|0x0000000086200000, 0x0000000086200000, 0x0000000086300000|  0%| F|  |TAMS 0x0000000086200000, 0x0000000086200000| Untracked 
|  45|0x0000000086300000, 0x0000000086300000, 0x0000000086400000|  0%| F|  |TAMS 0x0000000086300000, 0x0000000086300000| Untracked 
|  46|0x0000000086400000, 0x0000000086400000, 0x0000000086500000|  0%| F|  |TAMS 0x0000000086400000, 0x0000000086400000| Untracked 
|  47|0x0000000086500000, 0x0000000086500000, 0x0000000086600000|  0%| F|  |TAMS 0x0000000086500000, 0x0000000086500000| Untracked 
|  48|0x0000000086600000, 0x0000000086600000, 0x0000000086700000|  0%| F|  |TAMS 0x0000000086600000, 0x0000000086600000| Untracked 
|  49|0x0000000086700000, 0x0000000086700000, 0x0000000086800000|  0%| F|  |TAMS 0x0000000086700000, 0x0000000086700000| Untracked 
|  50|0x0000000086800000, 0x0000000086800000, 0x0000000086900000|  0%| F|  |TAMS 0x0000000086800000, 0x0000000086800000| Untracked 
|  51|0x0000000086900000, 0x0000000086900000, 0x0000000086a00000|  0%| F|  |TAMS 0x0000000086900000, 0x0000000086900000| Untracked 
|  52|0x0000000086a00000, 0x0000000086a00000, 0x0000000086b00000|  0%| F|  |TAMS 0x0000000086a00000, 0x0000000086a00000| Untracked 
|  53|0x0000000086b00000, 0x0000000086b00000, 0x0000000086c00000|  0%| F|  |TAMS 0x0000000086b00000, 0x0000000086b00000| Untracked 
|  54|0x0000000086c00000, 0x0000000086c00000, 0x0000000086d00000|  0%| F|  |TAMS 0x0000000086c00000, 0x0000000086c00000| Untracked 
|  55|0x0000000086d00000, 0x0000000086d00000, 0x0000000086e00000|  0%| F|  |TAMS 0x0000000086d00000, 0x0000000086d00000| Untracked 
|  56|0x0000000086e00000, 0x0000000086e00000, 0x0000000086f00000|  0%| F|  |TAMS 0x0000000086e00000, 0x0000000086e00000| Untracked 
|  57|0x0000000086f00000, 0x0000000086f00000, 0x0000000087000000|  0%| F|  |TAMS 0x0000000086f00000, 0x0000000086f00000| Untracked 
|  58|0x0000000087000000, 0x0000000087000000, 0x0000000087100000|  0%| F|  |TAMS 0x0000000087000000, 0x0000000087000000| Untracked 
|  59|0x0000000087100000, 0x0000000087100000, 0x0000000087200000|  0%| F|  |TAMS 0x0000000087100000, 0x0000000087100000| Untracked 
|  60|0x0000000087200000, 0x0000000087200000, 0x0000000087300000|  0%| F|  |TAMS 0x0000000087200000, 0x0000000087200000| Untracked 
|  61|0x0000000087300000, 0x0000000087300000, 0x0000000087400000|  0%| F|  |TAMS 0x0000000087300000, 0x0000000087300000| Untracked 
|  62|0x0000000087400000, 0x0000000087400000, 0x0000000087500000|  0%| F|  |TAMS 0x0000000087400000, 0x0000000087400000| Untracked 
|  63|0x0000000087500000, 0x0000000087500000, 0x0000000087600000|  0%| F|  |TAMS 0x0000000087500000, 0x0000000087500000| Untracked 
|  64|0x0000000087600000, 0x0000000087600000, 0x0000000087700000|  0%| F|  |TAMS 0x0000000087600000, 0x0000000087600000| Untracked 
|  65|0x0000000087700000, 0x0000000087700000, 0x0000000087800000|  0%| F|  |TAMS 0x0000000087700000, 0x0000000087700000| Untracked 
|  66|0x0000000087800000, 0x0000000087800000, 0x0000000087900000|  0%| F|  |TAMS 0x0000000087800000, 0x0000000087800000| Untracked 
|  67|0x0000000087900000, 0x0000000087900000, 0x0000000087a00000|  0%| F|  |TAMS 0x0000000087900000, 0x0000000087900000| Untracked 
|  68|0x0000000087a00000, 0x0000000087a00000, 0x0000000087b00000|  0%| F|  |TAMS 0x0000000087a00000, 0x0000000087a00000| Untracked 
|  69|0x0000000087b00000, 0x0000000087b00000, 0x0000000087c00000|  0%| F|  |TAMS 0x0000000087b00000, 0x0000000087b00000| Untracked 
|  70|0x0000000087c00000, 0x0000000087c00000, 0x0000000087d00000|  0%| F|  |TAMS 0x0000000087c00000, 0x0000000087c00000| Untracked 
|  71|0x0000000087d00000, 0x0000000087d00000, 0x0000000087e00000|  0%| F|  |TAMS 0x0000000087d00000, 0x0000000087d00000| Untracked 
|  72|0x0000000087e00000, 0x0000000087e00000, 0x0000000087f00000|  0%| F|  |TAMS 0x0000000087e00000, 0x0000000087e00000| Untracked 
|  73|0x0000000087f00000, 0x0000000087f00000, 0x0000000088000000|  0%| F|  |TAMS 0x0000000087f00000, 0x0000000087f00000| Untracked 
|  74|0x0000000088000000, 0x0000000088000000, 0x0000000088100000|  0%| F|  |TAMS 0x0000000088000000, 0x0000000088000000| Untracked 
|  75|0x0000000088100000, 0x0000000088100000, 0x0000000088200000|  0%| F|  |TAMS 0x0000000088100000, 0x0000000088100000| Untracked 
|  76|0x0000000088200000, 0x0000000088200000, 0x0000000088300000|  0%| F|  |TAMS 0x0000000088200000, 0x0000000088200000| Untracked 
|  77|0x0000000088300000, 0x0000000088300000, 0x0000000088400000|  0%| F|  |TAMS 0x0000000088300000, 0x0000000088300000| Untracked 
|  78|0x0000000088400000, 0x0000000088400000, 0x0000000088500000|  0%| F|  |TAMS 0x0000000088400000, 0x0000000088400000| Untracked 
|  79|0x0000000088500000, 0x0000000088500000, 0x0000000088600000|  0%| F|  |TAMS 0x0000000088500000, 0x0000000088500000| Untracked 
|  80|0x0000000088600000, 0x0000000088600000, 0x0000000088700000|  0%| F|  |TAMS 0x0000000088600000, 0x0000000088600000| Untracked 
|  81|0x0000000088700000, 0x0000000088700000, 0x0000000088800000|  0%| F|  |TAMS 0x0000000088700000, 0x0000000088700000| Untracked 
|  82|0x0000000088800000, 0x0000000088800000, 0x0000000088900000|  0%| F|  |TAMS 0x0000000088800000, 0x0000000088800000| Untracked 
|  83|0x0000000088900000, 0x0000000088900000, 0x0000000088a00000|  0%| F|  |TAMS 0x0000000088900000, 0x0000000088900000| Untracked 
|  84|0x0000000088a00000, 0x0000000088a00000, 0x0000000088b00000|  0%| F|  |TAMS 0x0000000088a00000, 0x0000000088a00000| Untracked 
|  85|0x0000000088b00000, 0x0000000088b00000, 0x0000000088c00000|  0%| F|  |TAMS 0x0000000088b00000, 0x0000000088b00000| Untracked 
|  86|0x0000000088c00000, 0x0000000088c00000, 0x0000000088d00000|  0%| F|  |TAMS 0x0000000088c00000, 0x0000000088c00000| Untracked 
|  87|0x0000000088d00000, 0x0000000088d00000, 0x0000000088e00000|  0%| F|  |TAMS 0x0000000088d00000, 0x0000000088d00000| Untracked 
|  88|0x0000000088e00000, 0x0000000088e00000, 0x0000000088f00000|  0%| F|  |TAMS 0x0000000088e00000, 0x0000000088e00000| Untracked 
|  89|0x0000000088f00000, 0x0000000088f00000, 0x0000000089000000|  0%| F|  |TAMS 0x0000000088f00000, 0x0000000088f00000| Untracked 
|  90|0x0000000089000000, 0x0000000089000000, 0x0000000089100000|  0%| F|  |TAMS 0x0000000089000000, 0x0000000089000000| Untracked 
|  91|0x0000000089100000, 0x0000000089100000, 0x0000000089200000|  0%| F|  |TAMS 0x0000000089100000, 0x0000000089100000| Untracked 
|  92|0x0000000089200000, 0x0000000089200000, 0x0000000089300000|  0%| F|  |TAMS 0x0000000089200000, 0x0000000089200000| Untracked 
|  93|0x0000000089300000, 0x0000000089300000, 0x0000000089400000|  0%| F|  |TAMS 0x0000000089300000, 0x0000000089300000| Untracked 
|  94|0x0000000089400000, 0x0000000089400000, 0x0000000089500000|  0%| F|  |TAMS 0x0000000089400000, 0x0000000089400000| Untracked 
|  95|0x0000000089500000, 0x0000000089500000, 0x0000000089600000|  0%| F|  |TAMS 0x0000000089500000, 0x0000000089500000| Untracked 
|  96|0x0000000089600000, 0x0000000089600000, 0x0000000089700000|  0%| F|  |TAMS 0x0000000089600000, 0x0000000089600000| Untracked 
|  97|0x0000000089700000, 0x0000000089700000, 0x0000000089800000|  0%| F|  |TAMS 0x0000000089700000, 0x0000000089700000| Untracked 
|  98|0x0000000089800000, 0x0000000089800000, 0x0000000089900000|  0%| F|  |TAMS 0x0000000089800000, 0x0000000089800000| Untracked 
|  99|0x0000000089900000, 0x0000000089900000, 0x0000000089a00000|  0%| F|  |TAMS 0x0000000089900000, 0x0000000089900000| Untracked 
| 100|0x0000000089a00000, 0x0000000089a00000, 0x0000000089b00000|  0%| F|  |TAMS 0x0000000089a00000, 0x0000000089a00000| Untracked 
| 101|0x0000000089b00000, 0x0000000089b00000, 0x0000000089c00000|  0%| F|  |TAMS 0x0000000089b00000, 0x0000000089b00000| Untracked 
| 102|0x0000000089c00000, 0x0000000089c00000, 0x0000000089d00000|  0%| F|  |TAMS 0x0000000089c00000, 0x0000000089c00000| Untracked 
| 103|0x0000000089d00000, 0x0000000089d00000, 0x0000000089e00000|  0%| F|  |TAMS 0x0000000089d00000, 0x0000000089d00000| Untracked 
| 104|0x0000000089e00000, 0x0000000089e00000, 0x0000000089f00000|  0%| F|  |TAMS 0x0000000089e00000, 0x0000000089e00000| Untracked 
| 105|0x0000000089f00000, 0x0000000089f00000, 0x000000008a000000|  0%| F|  |TAMS 0x0000000089f00000, 0x0000000089f00000| Untracked 
| 106|0x000000008a000000, 0x000000008a000000, 0x000000008a100000|  0%| F|  |TAMS 0x000000008a000000, 0x000000008a000000| Untracked 
| 107|0x000000008a100000, 0x000000008a100000, 0x000000008a200000|  0%| F|  |TAMS 0x000000008a100000, 0x000000008a100000| Untracked 
| 108|0x000000008a200000, 0x000000008a200000, 0x000000008a300000|  0%| F|  |TAMS 0x000000008a200000, 0x000000008a200000| Untracked 
| 109|0x000000008a300000, 0x000000008a300000, 0x000000008a400000|  0%| F|  |TAMS 0x000000008a300000, 0x000000008a300000| Untracked 
| 110|0x000000008a400000, 0x000000008a400000, 0x000000008a500000|  0%| F|  |TAMS 0x000000008a400000, 0x000000008a400000| Untracked 
| 111|0x000000008a500000, 0x000000008a500000, 0x000000008a600000|  0%| F|  |TAMS 0x000000008a500000, 0x000000008a500000| Untracked 
| 112|0x000000008a600000, 0x000000008a600000, 0x000000008a700000|  0%| F|  |TAMS 0x000000008a600000, 0x000000008a600000| Untracked 
| 113|0x000000008a700000, 0x000000008a700000, 0x000000008a800000|  0%| F|  |TAMS 0x000000008a700000, 0x000000008a700000| Untracked 
| 114|0x000000008a800000, 0x000000008a800000, 0x000000008a900000|  0%| F|  |TAMS 0x000000008a800000, 0x000000008a800000| Untracked 
| 115|0x000000008a900000, 0x000000008a900000, 0x000000008aa00000|  0%| F|  |TAMS 0x000000008a900000, 0x000000008a900000| Untracked 
| 116|0x000000008aa00000, 0x000000008aa00000, 0x000000008ab00000|  0%| F|  |TAMS 0x000000008aa00000, 0x000000008aa00000| Untracked 
| 117|0x000000008ab00000, 0x000000008ab00000, 0x000000008ac00000|  0%| F|  |TAMS 0x000000008ab00000, 0x000000008ab00000| Untracked 
| 118|0x000000008ac00000, 0x000000008acccc70, 0x000000008ad00000| 79%| E|  |TAMS 0x000000008ac00000, 0x000000008ac00000| Complete 
| 119|0x000000008ad00000, 0x000000008ae00000, 0x000000008ae00000|100%| E|CS|TAMS 0x000000008ad00000, 0x000000008ad00000| Complete 
| 120|0x000000008ae00000, 0x000000008af00000, 0x000000008af00000|100%| E|CS|TAMS 0x000000008ae00000, 0x000000008ae00000| Complete 
| 121|0x000000008af00000, 0x000000008b000000, 0x000000008b000000|100%| E|CS|TAMS 0x000000008af00000, 0x000000008af00000| Complete 
| 122|0x000000008b000000, 0x000000008b100000, 0x000000008b100000|100%| E|CS|TAMS 0x000000008b000000, 0x000000008b000000| Complete 
| 123|0x000000008b100000, 0x000000008b200000, 0x000000008b200000|100%| E|CS|TAMS 0x000000008b100000, 0x000000008b100000| Complete 
| 124|0x000000008b200000, 0x000000008b300000, 0x000000008b300000|100%| E|CS|TAMS 0x000000008b200000, 0x000000008b200000| Complete 
| 125|0x000000008b300000, 0x000000008b400000, 0x000000008b400000|100%| E|CS|TAMS 0x000000008b300000, 0x000000008b300000| Complete 

Card table byte_map: [0x0000016dbc010000,0x0000016dbc400000] _byte_map_base: 0x0000016dbbbf5000

Marking Bits (Prev, Next): (CMBitMap*) 0x0000016da7996010, (CMBitMap*) 0x0000016da7996050
 Prev Bits: [0x0000016dbc7f0000, 0x0000016dbe718000)
 Next Bits: [0x0000016dbe720000, 0x0000016dc0648000)

Polling page: 0x0000016dac5d0000

Metaspace:

Usage:
  Non-class:      7.73 MB used.
      Class:    665.75 KB used.
       Both:      8.38 MB used.

Virtual space:
  Non-class space:       64.00 MB reserved,       7.81 MB ( 12%) committed,  1 nodes.
      Class space:        1.00 GB reserved,     768.00 KB ( <1%) committed,  1 nodes.
             Both:        1.06 GB reserved,       8.56 MB ( <1%) committed. 

Chunk freelists:
   Non-Class:  7.66 MB
       Class:  15.17 MB
        Both:  22.83 MB

MaxMetaspaceSize: unlimited
CompressedClassSpaceSize: 1.00 GB
Initial GC threshold: 21.00 MB
Current GC threshold: 21.00 MB
CDS: off
MetaspaceReclaimPolicy: balanced
 - commit_granule_bytes: 65536.
 - commit_granule_words: 8192.
 - virtual_space_node_default_size: 8388608.
 - enlarge_chunks_in_place: 1.
 - new_chunks_are_fully_committed: 0.
 - uncommit_free_chunks: 1.
 - use_allocation_guard: 0.
 - handle_deallocations: 1.


Internal statistics:

num_allocs_failed_limit: 0.
num_arena_births: 6.
num_arena_deaths: 0.
num_vsnodes_births: 2.
num_vsnodes_deaths: 0.
num_space_committed: 137.
num_space_uncommitted: 0.
num_chunks_returned_to_freelist: 0.
num_chunks_taken_from_freelist: 89.
num_chunk_merges: 0.
num_chunk_splits: 68.
num_chunks_enlarged: 62.
num_inconsistent_stats: 0.

CodeHeap 'non-profiled nmethods': size=120000Kb used=86Kb max_used=86Kb free=119913Kb
 bounds [0x0000016db40c0000, 0x0000016db4330000, 0x0000016dbb5f0000]
CodeHeap 'profiled nmethods': size=120000Kb used=393Kb max_used=393Kb free=119606Kb
 bounds [0x0000016dac5f0000, 0x0000016dac860000, 0x0000016db3b20000]
CodeHeap 'non-nmethods': size=5760Kb used=1134Kb max_used=1149Kb free=4625Kb
 bounds [0x0000016db3b20000, 0x0000016db3d90000, 0x0000016db40c0000]
 total_blobs=694 nmethods=290 adapters=317
 compilation: enabled
              stopped_count=0, restarted_count=0
 full_count=0

Compilation events (20 events):
Event: 0.381 Thread 0x0000016dc7028d40 nmethod 278 0x0000016dac64e590 code [0x0000016dac64e760, 0x0000016dac64ea18]
Event: 0.382 Thread 0x0000016dc70273a0 nmethod 259 0x0000016db40d4010 code [0x0000016db40d41a0, 0x0000016db40d4728]
Event: 0.382 Thread 0x0000016dc70273a0  277       4       java.lang.CharacterDataLatin1::toLowerCase (39 bytes)
Event: 0.383 Thread 0x0000016dc70273a0 nmethod 277 0x0000016db40d4a10 code [0x0000016db40d4b80, 0x0000016db40d4c78]
Event: 0.385 Thread 0x0000016dc7028d40  279       3       java.lang.ref.WeakReference::<init> (7 bytes)
Event: 0.385 Thread 0x0000016dc7028d40 nmethod 279 0x0000016dac64eb10 code [0x0000016dac64ecc0, 0x0000016dac64ef98]
Event: 0.386 Thread 0x0000016dc7028d40  280       3       java.util.WeakHashMap::remove (131 bytes)
Event: 0.386 Thread 0x0000016dc7028d40 nmethod 280 0x0000016dac64f090 code [0x0000016dac64f2e0, 0x0000016dac64fe18]
Event: 0.386 Thread 0x0000016dc7028d40  281       3       java.util.zip.ZipUtils::CENSIZ (9 bytes)
Event: 0.386 Thread 0x0000016dc7028d40 nmethod 281 0x0000016dac650210 code [0x0000016dac6503c0, 0x0000016dac650698]
Event: 0.387 Thread 0x0000016dc7028d40  283       3       java.lang.String::toLowerCase (8 bytes)
Event: 0.387 Thread 0x0000016dc7028d40 nmethod 283 0x0000016dac650810 code [0x0000016dac6509e0, 0x0000016dac650d78]
Event: 0.387 Thread 0x0000016dc7028d40  284       3       java.util.Locale::getDefault (4 bytes)
Event: 0.387 Thread 0x0000016dc7028d40 nmethod 284 0x0000016dac650e90 code [0x0000016dac651020, 0x0000016dac651118]
Event: 0.389 Thread 0x0000016dc7028d40  285       3       java.lang.invoke.MethodTypeForm::canonicalize (74 bytes)
Event: 0.390 Thread 0x0000016dc7028d40 nmethod 285 0x0000016dac651190 code [0x0000016dac6513c0, 0x0000016dac651ab8]
Event: 0.390 Thread 0x0000016dc7028d40  287       3       java.lang.invoke.MemberName::testFlags (16 bytes)
Event: 0.390 Thread 0x0000016dc7028d40 nmethod 287 0x0000016dac651d10 code [0x0000016dac651ea0, 0x0000016dac652018]
Event: 0.391 Thread 0x0000016dc7028d40  290       3       java.lang.invoke.MethodType::hashCode (53 bytes)
Event: 0.391 Thread 0x0000016dc7028d40 nmethod 290 0x0000016dac652090 code [0x0000016dac652240, 0x0000016dac6525b8]

GC Heap History (0 events):
No events

Dll operation events (1 events):
Event: 0.013 Loaded shared library C:\Program Files\Android\Android Studio\jbr\bin\java.dll

Deoptimization events (20 events):
Event: 0.176 Thread 0x0000016da7937f90 DEOPT PACKING pc=0x0000016dac607d8c sp=0x0000005aa3ffda80
Event: 0.176 Thread 0x0000016da7937f90 DEOPT UNPACKING pc=0x0000016db3b7ace3 sp=0x0000005aa3ffcf10 mode 0
Event: 0.176 Thread 0x0000016da7937f90 DEOPT PACKING pc=0x0000016dac607d8c sp=0x0000005aa3ffda80
Event: 0.176 Thread 0x0000016da7937f90 DEOPT UNPACKING pc=0x0000016db3b7ace3 sp=0x0000005aa3ffcf10 mode 0
Event: 0.176 Thread 0x0000016da7937f90 DEOPT PACKING pc=0x0000016dac607d8c sp=0x0000005aa3ffda80
Event: 0.176 Thread 0x0000016da7937f90 DEOPT UNPACKING pc=0x0000016db3b7ace3 sp=0x0000005aa3ffcf10 mode 0
Event: 0.176 Thread 0x0000016da7937f90 DEOPT PACKING pc=0x0000016dac607d8c sp=0x0000005aa3ffda80
Event: 0.176 Thread 0x0000016da7937f90 DEOPT UNPACKING pc=0x0000016db3b7ace3 sp=0x0000005aa3ffcf10 mode 0
Event: 0.176 Thread 0x0000016da7937f90 DEOPT PACKING pc=0x0000016dac607d8c sp=0x0000005aa3ffda80
Event: 0.176 Thread 0x0000016da7937f90 DEOPT UNPACKING pc=0x0000016db3b7ace3 sp=0x0000005aa3ffcf10 mode 0
Event: 0.176 Thread 0x0000016da7937f90 DEOPT PACKING pc=0x0000016dac607d8c sp=0x0000005aa3ffda80
Event: 0.176 Thread 0x0000016da7937f90 DEOPT UNPACKING pc=0x0000016db3b7ace3 sp=0x0000005aa3ffcf10 mode 0
Event: 0.176 Thread 0x0000016da7937f90 DEOPT PACKING pc=0x0000016dac607d8c sp=0x0000005aa3ffda80
Event: 0.176 Thread 0x0000016da7937f90 DEOPT UNPACKING pc=0x0000016db3b7ace3 sp=0x0000005aa3ffcf10 mode 0
Event: 0.234 Thread 0x0000016da7937f90 Uncommon trap: trap_request=0xffffff45 fr.pc=0x0000016db40c4830 relative=0x0000000000000650
Event: 0.234 Thread 0x0000016da7937f90 Uncommon trap: reason=unstable_if action=reinterpret pc=0x0000016db40c4830 method=java.util.zip.ZipFile$Source.checkAndAddEntry(II)I @ 50 c2
Event: 0.234 Thread 0x0000016da7937f90 DEOPT PACKING pc=0x0000016db40c4830 sp=0x0000005aa3ffe660
Event: 0.234 Thread 0x0000016da7937f90 DEOPT UNPACKING pc=0x0000016db3b7a1a3 sp=0x0000005aa3ffe5d8 mode 2
Event: 0.322 Thread 0x0000016da7937f90 DEOPT PACKING pc=0x0000016dac6067e7 sp=0x0000005aa3ffe420
Event: 0.322 Thread 0x0000016da7937f90 DEOPT UNPACKING pc=0x0000016db3b7ace3 sp=0x0000005aa3ffd840 mode 0

Classes unloaded (0 events):
No events

Classes redefined (0 events):
No events

Internal exceptions (0 events):
No events

VM Operations (2 events):
Event: 0.186 Executing VM operation: HandshakeAllThreads
Event: 0.186 Executing VM operation: HandshakeAllThreads done

Events (20 events):
Event: 0.389 loading class java/util/regex/Pattern$Slice done
Event: 0.389 loading class java/util/regex/Pattern$GroupTail
Event: 0.389 loading class java/util/regex/Pattern$GroupTail done
Event: 0.389 loading class java/util/regex/CharPredicates
Event: 0.389 loading class java/util/regex/CharPredicates done
Event: 0.389 loading class java/util/regex/Pattern$BmpCharPredicate
Event: 0.389 loading class java/util/regex/Pattern$CharPredicate
Event: 0.389 loading class java/util/regex/Pattern$CharPredicate done
Event: 0.389 loading class java/util/regex/Pattern$BmpCharPredicate done
Event: 0.390 loading class java/util/regex/Pattern$BmpCharProperty
Event: 0.390 loading class java/util/regex/Pattern$CharProperty
Event: 0.390 loading class java/util/regex/Pattern$CharProperty done
Event: 0.390 loading class java/util/regex/Pattern$BmpCharProperty done
Event: 0.390 loading class java/util/regex/Pattern$Qtype
Event: 0.390 loading class java/util/regex/Pattern$Qtype done
Event: 0.390 loading class java/util/regex/Pattern$BmpCharPropertyGreedy
Event: 0.390 loading class java/util/regex/Pattern$CharPropertyGreedy
Event: 0.390 loading class java/util/regex/Pattern$CharPropertyGreedy done
Event: 0.390 loading class java/util/regex/Pattern$BmpCharPropertyGreedy done
Event: 0.391 loading class java/lang/invoke/DirectMethodHandle$Constructor


Dynamic libraries:
0x00007ff633a00000 - 0x00007ff633a0a000 	C:\Program Files\Android\Android Studio\jbr\bin\java.exe
0x00007ffcd9ed0000 - 0x00007ffcda0c8000 	C:\Windows\SYSTEM32\ntdll.dll
0x00007ffcd8e60000 - 0x00007ffcd8f1d000 	C:\Windows\System32\KERNEL32.DLL
0x00007ffcd75b0000 - 0x00007ffcd78a6000 	C:\Windows\System32\KERNELBASE.dll
0x00007ffcd7a80000 - 0x00007ffcd7b80000 	C:\Windows\System32\ucrtbase.dll
0x00007ffcb5bc0000 - 0x00007ffcb5bdb000 	C:\Program Files\Android\Android Studio\jbr\bin\VCRUNTIME140.dll
0x00007ffcbea30000 - 0x00007ffcbea47000 	C:\Program Files\Android\Android Studio\jbr\bin\jli.dll
0x00007ffcd8f20000 - 0x00007ffcd90be000 	C:\Windows\System32\USER32.dll
0x00007ffcd7a50000 - 0x00007ffcd7a72000 	C:\Windows\System32\win32u.dll
0x00007ffcc0440000 - 0x00007ffcc06da000 	C:\Windows\WinSxS\amd64_microsoft.windows.common-controls_6595b64144ccf1df_6.0.19041.3636_none_60b6a03d71f818d5\COMCTL32.dll
0x00007ffcd9d90000 - 0x00007ffcd9dbc000 	C:\Windows\System32\GDI32.dll
0x00007ffcd7b80000 - 0x00007ffcd7c9a000 	C:\Windows\System32\gdi32full.dll
0x00007ffcd7e90000 - 0x00007ffcd7f2d000 	C:\Windows\System32\msvcp_win.dll
0x00007ffcd90c0000 - 0x00007ffcd915e000 	C:\Windows\System32\msvcrt.dll
0x00007ffcd9d60000 - 0x00007ffcd9d90000 	C:\Windows\System32\IMM32.DLL
0x00007ffcc3770000 - 0x00007ffcc377c000 	C:\Program Files\Android\Android Studio\jbr\bin\vcruntime140_1.dll
0x00007ffcb5b30000 - 0x00007ffcb5bbd000 	C:\Program Files\Android\Android Studio\jbr\bin\msvcp140.dll
0x00007ffc8a9d0000 - 0x00007ffc8b650000 	C:\Program Files\Android\Android Studio\jbr\bin\server\jvm.dll
0x00007ffcd83a0000 - 0x00007ffcd844f000 	C:\Windows\System32\ADVAPI32.dll
0x00007ffcd9160000 - 0x00007ffcd91fc000 	C:\Windows\System32\sechost.dll
0x00007ffcd8d30000 - 0x00007ffcd8e56000 	C:\Windows\System32\RPCRT4.dll
0x00007ffcb7f90000 - 0x00007ffcb7fb7000 	C:\Windows\SYSTEM32\WINMM.dll
0x00007ffcd0350000 - 0x00007ffcd035a000 	C:\Windows\SYSTEM32\VERSION.dll
0x00007ffcd2d60000 - 0x00007ffcd2d69000 	C:\Windows\SYSTEM32\WSOCK32.dll
0x00007ffcd94d0000 - 0x00007ffcd953b000 	C:\Windows\System32\WS2_32.dll
0x00007ffcd5e00000 - 0x00007ffcd5e12000 	C:\Windows\SYSTEM32\kernel.appcore.dll
0x00007ffcd11e0000 - 0x00007ffcd11ea000 	C:\Program Files\Android\Android Studio\jbr\bin\jimage.dll
0x00007ffcd5370000 - 0x00007ffcd5554000 	C:\Windows\SYSTEM32\DBGHELP.DLL
0x00007ffcb6e60000 - 0x00007ffcb6e94000 	C:\Windows\SYSTEM32\dbgcore.DLL
0x00007ffcd7ca0000 - 0x00007ffcd7d22000 	C:\Windows\System32\bcryptPrimitives.dll
0x00007ffcce400000 - 0x00007ffcce425000 	C:\Program Files\Android\Android Studio\jbr\bin\java.dll
0x00007ffcce540000 - 0x00007ffcce558000 	C:\Program Files\Android\Android Studio\jbr\bin\zip.dll
0x00007ffcd84b0000 - 0x00007ffcd8bf5000 	C:\Windows\System32\SHELL32.dll
0x00007ffcd5650000 - 0x00007ffcd5deb000 	C:\Windows\SYSTEM32\windows.storage.dll
0x00007ffcd9770000 - 0x00007ffcd9ac4000 	C:\Windows\System32\combase.dll
0x00007ffcd6f20000 - 0x00007ffcd6f4d000 	C:\Windows\SYSTEM32\Wldp.dll
0x00007ffcd95d0000 - 0x00007ffcd967d000 	C:\Windows\System32\SHCORE.dll
0x00007ffcd9460000 - 0x00007ffcd94b5000 	C:\Windows\System32\shlwapi.dll
0x00007ffcd74e0000 - 0x00007ffcd7505000 	C:\Windows\SYSTEM32\profapi.dll
0x00007ffcce3e0000 - 0x00007ffcce3f9000 	C:\Program Files\Android\Android Studio\jbr\bin\net.dll
0x00007ffcca970000 - 0x00007ffccaa7a000 	C:\Windows\SYSTEM32\WINHTTP.dll
0x00007ffcd6c80000 - 0x00007ffcd6cea000 	C:\Windows\system32\mswsock.dll
0x00007ffcc1d20000 - 0x00007ffcc1d36000 	C:\Program Files\Android\Android Studio\jbr\bin\nio.dll

dbghelp: loaded successfully - version: 4.0.5 - missing functions: none
symbol engine: initialized successfully - sym options: 0x614 - pdb path: .;C:\Program Files\Android\Android Studio\jbr\bin;C:\Windows\SYSTEM32;C:\Windows\WinSxS\amd64_microsoft.windows.common-controls_6595b64144ccf1df_6.0.19041.3636_none_60b6a03d71f818d5;C:\Program Files\Android\Android Studio\jbr\bin\server

VM Arguments:
java_command: org.jetbrains.kotlin.cli.jvm.K2JVMCompiler @C:\dev\Geofencing\app\build\20240209_3540404863080766860.compiler.options
java_class_path (initial): C:\Users\HARSH\.gradle\caches\modules-2\files-2.1\org.jetbrains.kotlin\kotlin-compiler-embeddable\1.9.0\2c8c3a7402becca891f12739b3e9fd2dc2adbd7a\kotlin-compiler-embeddable-1.9.0.jar;C:\Users\HARSH\.gradle\caches\modules-2\files-2.1\org.jetbrains.kotlin\kotlin-stdlib\1.9.0\8ee15ef0c67dc83d874f412d84378d7f0eb50b63\kotlin-stdlib-1.9.0.jar;C:\Users\HARSH\.gradle\caches\modules-2\files-2.1\org.jetbrains.kotlin\kotlin-script-runtime\1.9.0\4b3102cbbb7e1b58d9d1adf89563f00069ffa7d1\kotlin-script-runtime-1.9.0.jar;C:\Users\HARSH\.gradle\caches\modules-2\files-2.1\org.jetbrains.kotlin\kotlin-reflect\1.6.10\1cbe9c92c12a94eea200d23c2bbaedaf3daf5132\kotlin-reflect-1.6.10.jar;C:\Users\HARSH\.gradle\caches\modules-2\files-2.1\org.jetbrains.kotlin\kotlin-daemon-embeddable\1.9.0\186543f5e28cf8d9a0290fecc2cf34301c40a65c\kotlin-daemon-embeddable-1.9.0.jar;C:\Users\HARSH\.gradle\caches\modules-2\files-2.1\org.jetbrains.intellij.deps\trove4j\1.0.20200330\3afb14d5f9ceb459d724e907a21145e8ff394f02\trove4j-1.0.20200330.jar;C:\Users\HARSH\.gradle\caches\modules-2\files-2.1\org.jetbrains.kotlin\kotlin-stdlib-common\1.9.0\cd65c21cfd1eec4d44ef09f9f52b6d9f8a720636\kotlin-stdlib-common-1.9.0.jar;C:\Users\HARSH\.gradle\caches\modules-2\files-2.1\org.jetbrains\annotations\13.0\919f0dfe192fb4e063e7dacadee7f8bb9a2672a9\annotations-13.0.jar
Launcher Type: SUN_STANDARD

[Global flags]
     intx CICompilerCount                          = 3                                         {product} {ergonomic}
     uint ConcGCThreads                            = 1                                         {product} {ergonomic}
     uint G1ConcRefinementThreads                  = 4                                         {product} {ergonomic}
   size_t G1HeapRegionSize                         = 1048576                                   {product} {ergonomic}
    uintx GCDrainStackTargetSize                   = 64                                        {product} {ergonomic}
   size_t InitialHeapSize                          = 132120576                                 {product} {ergonomic}
   size_t MarkStackSize                            = 4194304                                   {product} {ergonomic}
   size_t MaxHeapSize                              = 2090860544                                {product} {ergonomic}
   size_t MaxNewSize                               = 1254096896                                {product} {ergonomic}
   size_t MinHeapDeltaBytes                        = 1048576                                   {product} {ergonomic}
   size_t MinHeapSize                              = 8388608                                   {product} {ergonomic}
    uintx NonNMethodCodeHeapSize                   = 5832780                                {pd product} {ergonomic}
    uintx NonProfiledCodeHeapSize                  = 122912730                              {pd product} {ergonomic}
    uintx ProfiledCodeHeapSize                     = 122912730                              {pd product} {ergonomic}
    uintx ReservedCodeCacheSize                    = 251658240                              {pd product} {ergonomic}
     bool SegmentedCodeCache                       = true                                      {product} {ergonomic}
   size_t SoftMaxHeapSize                          = 2090860544                             {manageable} {ergonomic}
     bool UseCompressedClassPointers               = true                           {product lp64_product} {ergonomic}
     bool UseCompressedOops                        = true                           {product lp64_product} {ergonomic}
     bool UseG1GC                                  = true                                      {product} {ergonomic}
     bool UseLargePagesIndividualAllocation        = false                                  {pd product} {ergonomic}

Logging:
Log output configuration:
 #0: stdout all=warning uptime,level,tags
 #1: stderr all=off uptime,level,tags

Environment Variables:
JAVA_HOME=C:\Program Files\Android\Android Studio\bin
PATH=C:\Program Files\Common Files\Oracle\Java\javapath;C:\Program Files (x86)\Common Files\Oracle\Java\javapath;C:\Windows\system32;C:\Windows;C:\Windows\System32\Wbem;C:\Windows\System32\WindowsPowerShell\v1.0\;C:\Windows\System32\OpenSSH\;C:\Users\HARSH\AppData\Local\Programs\Python\Python39\Scripts\;C:\scrcpy;C:\kotlinc\bin;C:\Program Files\Java\jdk1.8.0_291\bin;C:\Program Files\Java\jre1.8.0_291\bin;C:\Program Files\Java\jdk-17\bin;C:\Program Files\TDM-GCC-64\bin;C:\Program Files\nodejs\;C:\Program Files\nodejs;C:\Program Files\nvim-win64\bin;C:\Users\HARSH\AppData\Local\Android\Sdk\tools;C:\Program Files\Git\cmd;C:\Program Files\Git\bin;C:\Users\HARSH\AppData\Local\Programs\Python\Python39\;C:\Users\HARSH\AppData\Local\Programs\Python\Python39\Scripts\;C:\Users\HARSH\AppData\Local\Programs\Microsoft VS Code\bin;C:\Users\HARSH\AppData\Local\Microsoft\WindowsApps;C:\scrcpy;C:\kotlinc\bin;C:\Program Files\Android\Android Studio\jre;C:\Program Files\JetBrains\IntelliJ IDEA Community Edition 2023.2\bin;C:\Program Files\Java\jdk1.8.0_291\bin;C:\Program Files\Java\jre1.8.0_291\bin;C:\Program Files\Java\jdk-17\bin;C:\Program Files\TDM-GCC-64\bin;C:\Users\HARSH\AppData\Roaming\npm;C:\Program Files\nodejs;C:\Program Files\nvim-win64\bin;C:\Users\HARSH\AppData\Local\JetBrains\Toolbox\scripts;C:\Users\HARSH\AppData\Local\Android\Sdk\tools;C:\Program Files\Git\bin;;C:\Program Files\JetBrains\IntelliJ IDEA 2023.3.2\bin;
USERNAME=HARSH
OS=Windows_NT
PROCESSOR_IDENTIFIER=Intel64 Family 6 Model 126 Stepping 5, GenuineIntel
TMP=C:\Users\HARSH\AppData\Local\Temp
TEMP=C:\Users\HARSH\AppData\Local\Temp


JNI global refs:
JNI global refs: 7, weak refs: 0

JNI global refs memory usage: 843, weak refs: 841

OOME stack traces (most recent first):
Classloader memory used:
Loader bootstrap                                                                       : 822K
Loader jdk.internal.loader.ClassLoaders$AppClassLoader                                 : 250K


---------------  S Y S T E M  ---------------

OS:
 Windows 10 , 64 bit Build 19041 (10.0.19041.3636)
OS uptime: 0 days 20:28 hours

CPU: total 4 (initial active 4) (2 cores per cpu, 2 threads per core) family 6 model 126 stepping 5 microcode 0xa6, cx8, cmov, fxsr, ht, mmx, 3dnowpref, sse, sse2, sse3, ssse3, sse4.1, sse4.2, popcnt, lzcnt, tsc, tscinvbit, avx, avx2, aes, erms, clmul, bmi1, bmi2, adx, avx512f, avx512dq, avx512cd, avx512bw, avx512vl, sha, fma, vzeroupper, avx512_vpopcntdq, avx512_vpclmulqdq, avx512_vaes, avx512_vnni, clflush, clflushopt, avx512_vbmi2, avx512_vbmi

Memory: 4k page, system-wide physical 7973M (78M free)
TotalPageFile size 17189M (AvailPageFile size 6821M)
current process WorkingSet (physical memory assigned to process): 47M, peak: 47M
current process commit charge ("private bytes"): 199M, peak: 200M

vm_info: OpenJDK 64-Bit Server VM (17.0.7+0-b2043.56-10550314) for windows-amd64 JRE (17.0.7+0-b2043.56-10550314), built on Jul 24 2023 18:27:45 by "androidbuild" with MS VC++ 16.10 / 16.11 (VS2019)

END.
